{"contracts/Raffle.sol":{"l":{"48":3,"49":3,"50":3,"51":3,"52":3,"53":3,"54":3,"56":3,"60":5,"61":1,"63":4,"64":1,"66":3,"68":3,"72":0,"76":1,"81":3,"83":3,"89":1,"90":1,"91":1,"92":1,"93":1,"99":1,"100":1,"101":0,"103":1,"104":1,"112":1,"116":0,"117":0,"118":0,"119":0,"120":0,"121":0,"122":0,"123":0,"124":0,"126":0,"131":0,"135":1,"139":0,"142":0,"146":0,"150":0,"153":5},"path":"/home/balshy/projects/blockchain/freecodecamp_32_hours_youtube/hardhat-lottery/contracts/Raffle.sol","s":{"1":3,"2":5,"3":4,"4":3,"5":3,"6":0,"7":1,"8":3,"9":1,"10":1,"11":1,"12":1,"13":1,"14":1,"15":1,"16":1,"17":0,"18":0,"19":0,"20":0,"21":0,"22":0,"23":1,"24":0,"25":0,"26":0,"27":0,"28":5},"b":{"1":[1,4],"2":[1,3],"3":[0,1],"4":[0,0]},"f":{"1":3,"2":5,"3":0,"4":1,"5":3,"6":1,"7":1,"8":0,"9":0,"10":1,"11":0,"12":0,"13":0,"14":0,"15":5},"fnMap":{"1":{"name":"constructor","line":47,"loc":{"start":{"line":47,"column":4},"end":{"line":57,"column":4}}},"2":{"name":"enterRaffle","line":59,"loc":{"start":{"line":59,"column":4},"end":{"line":69,"column":4}}},"3":{"name":"getEntranceFee","line":71,"loc":{"start":{"line":71,"column":4},"end":{"line":73,"column":4}}},"4":{"name":"getPlayer","line":75,"loc":{"start":{"line":75,"column":4},"end":{"line":77,"column":4}}},"5":{"name":"createNewSubscription","line":80,"loc":{"start":{"line":80,"column":4},"end":{"line":84,"column":4}}},"6":{"name":"checkUpkeep","line":86,"loc":{"start":{"line":86,"column":6},"end":{"line":94,"column":4}}},"7":{"name":"performUpkeep","line":97,"loc":{"start":{"line":97,"column":4},"end":{"line":113,"column":4}}},"8":{"name":"fulfillRandomWords","line":115,"loc":{"start":{"line":115,"column":4},"end":{"line":128,"column":4}}},"9":{"name":"getRecentWinner","line":130,"loc":{"start":{"line":130,"column":4},"end":{"line":132,"column":4}}},"10":{"name":"getRaffleState","line":134,"loc":{"start":{"line":134,"column":4},"end":{"line":136,"column":4}}},"11":{"name":"getNumWords","line":138,"loc":{"start":{"line":138,"column":4},"end":{"line":140,"column":4}}},"12":{"name":"getNumberOfPlayers","line":141,"loc":{"start":{"line":141,"column":4},"end":{"line":143,"column":4}}},"13":{"name":"getLastTimeStamp","line":145,"loc":{"start":{"line":145,"column":4},"end":{"line":147,"column":4}}},"14":{"name":"getRequestConfirmations","line":149,"loc":{"start":{"line":149,"column":4},"end":{"line":151,"column":4}}},"15":{"name":"getInterval","line":152,"loc":{"start":{"line":152,"column":4},"end":{"line":154,"column":4}}}},"statementMap":{"1":{"start":{"line":56,"column":12},"end":{"line":56,"column":34}},"2":{"start":{"line":60,"column":8},"end":{"line":60,"column":2132}},"3":{"start":{"line":63,"column":8},"end":{"line":63,"column":2231}},"4":{"start":{"line":66,"column":8},"end":{"line":66,"column":43}},"5":{"start":{"line":68,"column":8},"end":{"line":68,"column":36}},"6":{"start":{"line":72,"column":8},"end":{"line":72,"column":28}},"7":{"start":{"line":76,"column":8},"end":{"line":76,"column":31}},"8":{"start":{"line":83,"column":8},"end":{"line":83,"column":70}},"9":{"start":{"line":89,"column":8},"end":{"line":89,"column":57}},"10":{"start":{"line":90,"column":8},"end":{"line":90,"column":76}},"11":{"start":{"line":91,"column":8},"end":{"line":91,"column":48}},"12":{"start":{"line":92,"column":8},"end":{"line":92,"column":51}},"13":{"start":{"line":99,"column":8},"end":{"line":99,"column":47}},"14":{"start":{"line":100,"column":8},"end":{"line":100,"column":3584}},"15":{"start":{"line":104,"column":8},"end":{"line":104,"column":3781}},"16":{"start":{"line":112,"column":8},"end":{"line":112,"column":45}},"17":{"start":{"line":116,"column":8},"end":{"line":116,"column":66}},"18":{"start":{"line":117,"column":8},"end":{"line":117,"column":63}},"19":{"start":{"line":122,"column":8},"end":{"line":122,"column":78}},"20":{"start":{"line":123,"column":8},"end":{"line":123,"column":4546}},"21":{"start":{"line":126,"column":8},"end":{"line":126,"column":39}},"22":{"start":{"line":131,"column":8},"end":{"line":131,"column":29}},"23":{"start":{"line":135,"column":8},"end":{"line":135,"column":28}},"24":{"start":{"line":139,"column":8},"end":{"line":139,"column":24}},"25":{"start":{"line":142,"column":8},"end":{"line":142,"column":31}},"26":{"start":{"line":146,"column":8},"end":{"line":146,"column":30}},"27":{"start":{"line":150,"column":8},"end":{"line":150,"column":36}},"28":{"start":{"line":153,"column":8},"end":{"line":153,"column":25}}},"branchMap":{"1":{"line":60,"type":"if","locations":[{"start":{"line":60,"column":8},"end":{"line":60,"column":8}},{"start":{"line":60,"column":8},"end":{"line":60,"column":8}}]},"2":{"line":63,"type":"if","locations":[{"start":{"line":63,"column":8},"end":{"line":63,"column":8}},{"start":{"line":63,"column":8},"end":{"line":63,"column":8}}]},"3":{"line":100,"type":"if","locations":[{"start":{"line":100,"column":8},"end":{"line":100,"column":8}},{"start":{"line":100,"column":8},"end":{"line":100,"column":8}}]},"4":{"line":123,"type":"if","locations":[{"start":{"line":123,"column":8},"end":{"line":123,"column":8}},{"start":{"line":123,"column":8},"end":{"line":123,"column":8}}]}}},"contracts/test/VRFCoordinatorV2Mock.sol":{"l":{},"path":"/home/balshy/projects/blockchain/freecodecamp_32_hours_youtube/hardhat-lottery/contracts/test/VRFCoordinatorV2Mock.sol","s":{},"b":{},"f":{},"fnMap":{},"statementMap":{},"branchMap":{}}}